\BOOKMARK [1][-]{section.1}{1 مقدمه}{}% 1
\BOOKMARK [1][-]{section.2}{2   بخش اول: برنامه نویسی سوکت }{}% 2
\BOOKMARK [2][-]{subsection.2.1}{2.1 مقدمه}{section.2}% 3
\BOOKMARK [2][-]{subsection.2.2}{2.2 توضیح تمرین}{section.2}% 4
\BOOKMARK [2][-]{subsection.2.3}{2.3 نکات پیاده سازی}{section.2}% 5
\BOOKMARK [1][-]{section.3}{3   بخش دوم: DHCP }{}% 6
\BOOKMARK [2][-]{subsection.3.1}{3.1 مقدمه}{section.3}% 7
\BOOKMARK [2][-]{subsection.3.2}{3.2 مقدمه‌ای بر DHCP}{section.3}% 8
\BOOKMARK [2][-]{subsection.3.3}{3.3 توپولوژی شبکه}{section.3}% 9
\BOOKMARK [1][-]{section.4}{4 توضیح تمرین}{}% 10
\BOOKMARK [2][-]{subsection.4.1}{4.1 انواع بسته‌ها}{section.4}% 11
\BOOKMARK [3][-]{subsubsection.4.1.1}{4.1.1\040\040Ethernet:\040}{subsection.4.1}% 12
\BOOKMARK [3][-]{subsubsection.4.1.2}{4.1.2\040\040Data:\040}{subsection.4.1}% 13
\BOOKMARK [2][-]{subsection.4.2}{4.2 کارخواه}{section.4}% 14
\BOOKMARK [2][-]{subsection.4.3}{4.3 کارگزار DHCP}{section.4}% 15
\BOOKMARK [2][-]{subsection.4.4}{4.4 موارد خاص}{section.4}% 16
\BOOKMARK [1][-]{section.5}{5 پیاده سازی}{}% 17
\BOOKMARK [2][-]{subsection.5.1}{5.1 مشترک}{section.5}% 18
\BOOKMARK [2][-]{subsection.5.2}{5.2 برنامه نویسی java}{section.5}% 19
\BOOKMARK [2][-]{subsection.5.3}{5.3 برنامه نویسی c++}{section.5}% 20
\BOOKMARK [2][-]{subsection.5.4}{5.4 نقشه نمونه}{section.5}% 21
